<?xml version="1.0" encoding="UTF-8"?>
<testng-results skipped="0" failed="0" ignored="0" total="1" passed="1">
  <reporter-output>
  </reporter-output>
  <suite name="Default suite" duration-ms="20034" started-at="2017-03-24T15:51:37Z" finished-at="2017-03-24T15:51:57Z">
    <groups>
    </groups>
    <test name="Default test" duration-ms="20034" started-at="2017-03-24T15:51:37Z" finished-at="2017-03-24T15:51:57Z">
      <class name="example.SampleTest">
        <test-method status="PASS" signature="beforeTest()[pri:0, instance:example.SampleTest@61832929]" name="beforeTest" is-config="true" duration-ms="6532" started-at="2017-03-24T21:21:37Z" finished-at="2017-03-24T21:21:43Z">
          <reporter-output>
          </reporter-output>
        </test-method> <!-- beforeTest -->
        <test-method status="PASS" signature="launchOpenCart()[pri:0, instance:example.SampleTest@61832929]" name="launchOpenCart" duration-ms="12237" started-at="2017-03-24T21:21:43Z" finished-at="2017-03-24T21:21:56Z">
          <reporter-output>
          </reporter-output>
        </test-method> <!-- launchOpenCart -->
        <test-method status="PASS" signature="afterTest()[pri:0, instance:example.SampleTest@61832929]" name="afterTest" is-config="true" duration-ms="1230" started-at="2017-03-24T21:21:56Z" finished-at="2017-03-24T21:21:57Z">
          <reporter-output>
          </reporter-output>
        </test-method> <!-- afterTest -->
      </class> <!-- example.SampleTest -->
    </test> <!-- Default test -->
  </suite> <!-- Default suite -->
</testng-results>
