<?xml version="1.0" encoding="UTF-8"?>
<testng-results skipped="0" failed="0" ignored="0" total="1" passed="1">
  <reporter-output>
  </reporter-output>
  <suite name="Surefire suite" duration-ms="18572" started-at="2017-05-31T06:03:10Z" finished-at="2017-05-31T06:03:29Z">
    <groups>
    </groups>
    <test name="Surefire test" duration-ms="18572" started-at="2017-05-31T06:03:10Z" finished-at="2017-05-31T06:03:29Z">
      <class name="example.SampleTest">
        <test-method status="PASS" signature="beforeTest()[pri:0, instance:example.SampleTest@7ac7a4e4]" name="beforeTest" is-config="true" duration-ms="10412" started-at="2017-05-31T11:33:10Z" finished-at="2017-05-31T11:33:21Z">
          <reporter-output>
          </reporter-output>
        </test-method> <!-- beforeTest -->
        <test-method status="PASS" signature="launchOpenCart()[pri:0, instance:example.SampleTest@7ac7a4e4]" name="launchOpenCart" duration-ms="6606" started-at="2017-05-31T11:33:21Z" finished-at="2017-05-31T11:33:28Z">
          <reporter-output>
          </reporter-output>
        </test-method> <!-- launchOpenCart -->
        <test-method status="PASS" signature="afterTest()[pri:0, instance:example.SampleTest@7ac7a4e4]" name="afterTest" is-config="true" duration-ms="1502" started-at="2017-05-31T11:33:28Z" finished-at="2017-05-31T11:33:29Z">
          <reporter-output>
          </reporter-output>
        </test-method> <!-- afterTest -->
      </class> <!-- example.SampleTest -->
    </test> <!-- Surefire test -->
  </suite> <!-- Surefire suite -->
</testng-results>
